<?xml version="1.0" encoding="UTF-8"?>
<!-- Generated by org.testng.reporters.JUnitReportReporter -->
<testsuite skipped="0" hostname="DESKTOP-PJ5JRQT" name="com.sample.testng.TestNGDataProvider" tests="3" failures="0" timestamp="08 Dec 2020 03:23:59 GMT" time="42.097" errors="0">
  <testcase name="dataProvider" time="13.719" classname="com.sample.testng.TestNGDataProvider"/>
  <testcase name="dataProvider" time="14.823" classname="com.sample.testng.TestNGDataProvider"/>
  <testcase name="dataProvider" time="13.555" classname="com.sample.testng.TestNGDataProvider"/>
</testsuite> <!-- com.sample.testng.TestNGDataProvider -->
