<?xml version="1.0" encoding="UTF-8"?>
<!-- Generated by org.testng.reporters.JUnitReportReporter -->
<testsuite skipped="0" hostname="DESKTOP-PJ5JRQT" name="com.sample.testng.TestClass" tests="3" failures="0" timestamp="08 Dec 2020 02:45:21 GMT" time="41.066" errors="0">
  <testcase name="testing" time="13.137" classname="com.sample.testng.TestClass"/>
  <testcase name="testing" time="15.014" classname="com.sample.testng.TestClass"/>
  <testcase name="testing" time="12.915" classname="com.sample.testng.TestClass"/>
</testsuite> <!-- com.sample.testng.TestClass -->
