<?xml version="1.0" encoding="UTF-8"?>
<!-- Generated by org.testng.reporters.JUnitReportReporter -->
<testsuite skipped="0" hostname="DESKTOP-PJ5JRQT" name="com.sample.Actions.browsertest" tests="2" failures="0" timestamp="31 Dec 2020 02:48:17 GMT" time="40.405" errors="0">
  <testcase name="browserStack" time="22.793" classname="com.sample.Actions.browsertest"/>
  <testcase name="browserStack" time="17.612" classname="com.sample.Actions.browsertest"/>
</testsuite> <!-- com.sample.Actions.browsertest -->
