<?xml version="1.0" encoding="UTF-8"?>
<!-- Generated by org.testng.reporters.JUnitReportReporter -->
<testsuite skipped="0" hostname="DESKTOP-PJ5JRQT" name="com.sample.testng.Test" tests="2" failures="0" timestamp="08 Dec 2020 02:26:00 GMT" time="23.841" errors="0">
  <testcase name="launchURL" time="11.284" classname="com.sample.testng.Test"/>
  <testcase name="launchGoogle" time="12.557" classname="com.sample.testng.Test"/>
</testsuite> <!-- com.sample.testng.Test -->
