<?xml version="1.0" encoding="UTF-8"?>
<!-- Generated by org.testng.reporters.JUnitReportReporter -->
<testsuite skipped="0" hostname="DESKTOP-PJ5JRQT" name="com.sample.testng.ParallelTestNG" tests="8" failures="0" timestamp="08 Dec 2020 03:07:00 GMT" time="27.584" errors="0">
  <testcase name="invocationTest" time="0.040" classname="com.sample.testng.ParallelTestNG"/>
  <testcase name="launchGoogle" time="9.063" classname="com.sample.testng.ParallelTestNG"/>
  <testcase name="launchURL" time="10.011" classname="com.sample.testng.ParallelTestNG"/>
  <testcase name="launchURL1" time="8.462" classname="com.sample.testng.ParallelTestNG"/>
  <testcase name="invocationTest" time="0.002" classname="com.sample.testng.ParallelTestNG"/>
  <testcase name="invocationTest" time="0.001" classname="com.sample.testng.ParallelTestNG"/>
  <testcase name="invocationTest" time="0.003" classname="com.sample.testng.ParallelTestNG"/>
  <testcase name="invocationTest" time="0.002" classname="com.sample.testng.ParallelTestNG"/>
</testsuite> <!-- com.sample.testng.ParallelTestNG -->
