<?xml version="1.0" encoding="UTF-8"?>
<!-- Generated by org.testng.reporters.JUnitReportReporter -->
<testsuite skipped="1" hostname="DESKTOP-PJ5JRQT" name="com.sample.testng.TestNGAnnotation" tests="3" failures="0" timestamp="04 Dec 2020 03:14:19 GMT" time="0.025" errors="0">
  <testcase name="verifyTest" time="0.023" classname="com.sample.testng.TestNGAnnotation"/>
  <testcase name="verifyTest2" time="0.002" classname="com.sample.testng.TestNGAnnotation"/>
  <testcase name="frame" classname="com.sample.testng.TestNGAnnotation">
    <skipped/>
  </testcase> <!-- frame -->
</testsuite> <!-- com.sample.testng.TestNGAnnotation -->
