<?xml version="1.0" encoding="UTF-8"?>
<!-- Generated by org.testng.reporters.JUnitReportReporter -->
<testsuite skipped="0" hostname="DESKTOP-PJ5JRQT" name="com.sample.browserstack.ParallelExecution" tests="4" failures="0" timestamp="31 Dec 2020 03:55:02 GMT" time="76.265" errors="0">
  <testcase name="browserStack" time="18.369" classname="com.sample.browserstack.ParallelExecution"/>
  <testcase name="browserStack" time="16.925" classname="com.sample.browserstack.ParallelExecution"/>
  <testcase name="browserStack" time="15.738" classname="com.sample.browserstack.ParallelExecution"/>
  <testcase name="browserStack" time="25.233" classname="com.sample.browserstack.ParallelExecution"/>
</testsuite> <!-- com.sample.browserstack.ParallelExecution -->
