<?xml version="1.0" encoding="UTF-8"?>
<!-- Generated by org.testng.reporters.JUnitReportReporter -->
<testsuite skipped="0" hostname="DESKTOP-PJ5JRQT" name="com.sample.testng.SampleTest" tests="3" failures="0" timestamp="04 Dec 2020 02:57:12 GMT" time="0.014" errors="0">
  <testcase name="cestcase2" time="0.002" classname="com.sample.testng.SampleTest"/>
  <testcase name="aestcase1" time="0.011" classname="com.sample.testng.SampleTest"/>
  <testcase name="destcase3" time="0.001" classname="com.sample.testng.SampleTest"/>
</testsuite> <!-- com.sample.testng.SampleTest -->
