<?xml version="1.0" encoding="UTF-8"?>
<!-- Generated by org.testng.reporters.JUnitReportReporter -->
<testsuite skipped="1" hostname="DESKTOP-PJ5JRQT" name="com.sample.testng.TestNG" tests="7" failures="0" timestamp="08 Dec 2020 02:46:53 GMT" time="0.039" errors="0">
  <testcase name="Display" time="0.006" classname="com.sample.testng.TestNG"/>
  <testcase name="Annotation" time="0.002" classname="com.sample.testng.TestNG"/>
  <testcase name="Btext" time="0.001" classname="com.sample.testng.TestNG"/>
  <testcase name="Ctext" time="0.002" classname="com.sample.testng.TestNG"/>
  <testcase name="Btext" time="0.001" classname="com.sample.testng.TestNG"/>
  <testcase name="Btext" time="0.027" classname="com.sample.testng.TestNG"/>
  <testcase name="Printtext" classname="com.sample.testng.TestNG">
    <skipped/>
  </testcase> <!-- Printtext -->
</testsuite> <!-- com.sample.testng.TestNG -->
